C51 COMPILER V9.54   MAIN                                                                  01/04/2022 15:17:57 PAGE 1   


C51 COMPILER V9.54, COMPILATION OF MODULE MAIN
OBJECT MODULE PLACED IN .\Objects\MAIN.obj
COMPILER INVOKED BY: C:\Keil_v5\C51\BIN\C51.EXE MAIN.c OPTIMIZE(8,SPEED) BROWSE DEBUG OBJECTEXTEND PRINT(.\Listings\MAIN
                    -.lst) TABS(2) OBJECT(.\Objects\MAIN.obj)

line level    source

   1          #include <REGX52.H>
   2          #include "delay.h"
   3          #include "LCD1602.h"
   4          #include "matrixkey.h"
   5          
   6          unsigned char keynumber;
   7          
   8          
   9          void main()
  10          {
  11   1        LCD_Init();
  12   1        LCD_ShowString(1,1,"matrixkey:");
  13   1        while(1)
  14   1           {
  15   2           keynumber=matrixkey();
  16   2           if(keynumber){
  17   3             LCD_ShowNum(2,1,keynumber,2);
  18   3           }
  19   2           }
  20   1          
  21   1      
  22   1      }


MODULE INFORMATION:   STATIC OVERLAYABLE
   CODE SIZE        =     40    ----
   CONSTANT SIZE    =     11    ----
   XDATA SIZE       =   ----    ----
   PDATA SIZE       =   ----    ----
   DATA SIZE        =      1    ----
   IDATA SIZE       =   ----    ----
   BIT SIZE         =   ----    ----
END OF MODULE INFORMATION.


C51 COMPILATION COMPLETE.  0 WARNING(S),  0 ERROR(S)
