C51 COMPILER V9.54   MATRIXKEY                                                             01/04/2022 15:17:57 PAGE 1   


C51 COMPILER V9.54, COMPILATION OF MODULE MATRIXKEY
OBJECT MODULE PLACED IN .\Objects\matrixkey.obj
COMPILER INVOKED BY: C:\Keil_v5\C51\BIN\C51.EXE matrixkey.c OPTIMIZE(8,SPEED) BROWSE DEBUG OBJECTEXTEND PRINT(.\Listings
                    -\matrixkey.lst) TABS(2) OBJECT(.\Objects\matrixkey.obj)

line level    source

   1          #include <REGX52.H>
   2          #include "delay.h"
   3          
   4          unsigned char matrixkey()
   5          {
   6   1        unsigned char keynumber=0;
   7   1        
   8   1        P1=0XFF;
   9   1        P1_3=0;
  10   1        if(P1_7==0){delay(20);while(P1_7==0);delay(20);keynumber=1;}
  11   1        if(P1_6==0){delay(20);while(P1_6==0);delay(20);keynumber=5;}
  12   1        if(P1_5==0){delay(20);while(P1_5==0);delay(20);keynumber=9;}
  13   1        if(P1_4==0){delay(20);while(P1_4==0);delay(20);keynumber=13;}
  14   1        
  15   1          
  16   1        P1=0XFF;
  17   1        P1_2=0;
  18   1        if(P1_7==0){delay(20);while(P1_7==0);delay(20);keynumber=2;}
  19   1        if(P1_6==0){delay(20);while(P1_6==0);delay(20);keynumber=6;}
  20   1        if(P1_5==0){delay(20);while(P1_5==0);delay(20);keynumber=10;}
  21   1        if(P1_4==0){delay(20);while(P1_4==0);delay(20);keynumber=14;}
  22   1        
  23   1          
  24   1        P1=0XFF;
  25   1        P1_1=0;
  26   1        if(P1_7==0){delay(20);while(P1_7==0);delay(20);keynumber=3;}
  27   1        if(P1_6==0){delay(20);while(P1_6==0);delay(20);keynumber=7;}
  28   1        if(P1_5==0){delay(20);while(P1_5==0);delay(20);keynumber=11;}
  29   1        if(P1_4==0){delay(20);while(P1_4==0);delay(20);keynumber=15;}
  30   1          
  31   1        P1=0XFF;
  32   1        P1_0=0;
  33   1        if(P1_7==0){delay(20);while(P1_7==0);delay(20);keynumber=4;}
  34   1        if(P1_6==0){delay(20);while(P1_6==0);delay(20);keynumber=8;}
  35   1        if(P1_5==0){delay(20);while(P1_5==0);delay(20);keynumber=12;}
  36   1        if(P1_4==0){delay(20);while(P1_4==0);delay(20);keynumber=16;}
  37   1        
  38   1        
  39   1        return keynumber;
  40   1        
  41   1      }


MODULE INFORMATION:   STATIC OVERLAYABLE
   CODE SIZE        =    393    ----
   CONSTANT SIZE    =   ----    ----
   XDATA SIZE       =   ----    ----
   PDATA SIZE       =   ----    ----
   DATA SIZE        =   ----       1
   IDATA SIZE       =   ----    ----
   BIT SIZE         =   ----    ----
END OF MODULE INFORMATION.


C51 COMPILATION COMPLETE.  0 WARNING(S),  0 ERROR(S)
