C51 COMPILER V9.54   MAIN                                                                  01/04/2022 22:51:04 PAGE 1   


C51 COMPILER V9.54, COMPILATION OF MODULE MAIN
OBJECT MODULE PLACED IN .\Objects\MAIN.obj
COMPILER INVOKED BY: C:\Keil_v5\C51\BIN\C51.EXE MAIN.c OPTIMIZE(8,SPEED) BROWSE DEBUG OBJECTEXTEND PRINT(.\Listings\MAIN
                    -.lst) TABS(2) OBJECT(.\Objects\MAIN.obj)

line level    source

   1          #include <REGX52.H>
   2          #include "delay.h"
   3          #include "MatrixLED.h"
   4          
   5          unsigned char animation[]={0x01,0x91,0x91,0xFF,0x91,0x91,0x01,0x28,0x49,0x4E,0xFC,0x4F,0x49,0x0A,0x01,0xA6
             -,
   6          0x50,0x04,0x5E,0xF5,0x5F,0x14,0x01,0x16,0xF1,0xDF,0xD5,0xF5,0x15,0x01,0x10,0x20,
   7          0x40,0xBF,0x40,0x20,0x10,0x00,0xF1,0x91,0x91,0x9F,0x00,0xFF,0x89,0x95,0x55,0x22,
   8          };
   9          
  10          void main()
  11          {
  12   1        unsigned char i,Offset,count;
  13   1        MatrixLED_Init();
  14   1        while(1)
  15   1        {
  16   2          for(i=0;i<8;i++)
  17   2          {
  18   3            MatrixLED_ShowColumn(i,animation[i+Offset]);
  19   3          }
  20   2          count++;
  21   2          if(count>15)
  22   2          {
  23   3              count=0;
  24   3              Offset++;
  25   3              if(Offset>40)
  26   3              {
  27   4              Offset=0;
  28   4              }
  29   3          }
  30   2        
  31   2        
  32   2        }
  33   1        
  34   1      }
  35            


MODULE INFORMATION:   STATIC OVERLAYABLE
   CODE SIZE        =     57    ----
   CONSTANT SIZE    =   ----    ----
   XDATA SIZE       =   ----    ----
   PDATA SIZE       =   ----    ----
   DATA SIZE        =     48       3
   IDATA SIZE       =   ----    ----
   BIT SIZE         =   ----    ----
END OF MODULE INFORMATION.


C51 COMPILATION COMPLETE.  0 WARNING(S),  0 ERROR(S)
