C51 COMPILER V9.54   MATRIXLED                                                             01/04/2022 22:51:04 PAGE 1   


C51 COMPILER V9.54, COMPILATION OF MODULE MATRIXLED
OBJECT MODULE PLACED IN .\Objects\MatrixLED.obj
COMPILER INVOKED BY: C:\Keil_v5\C51\BIN\C51.EXE MatrixLED.c OPTIMIZE(8,SPEED) BROWSE DEBUG OBJECTEXTEND PRINT(.\Listings
                    -\MatrixLED.lst) TABS(2) OBJECT(.\Objects\MatrixLED.obj)

line level    source

   1          #include <REGX52.H>
   2          #include "delay.h"
   3          
   4          sbit RCK=P3^5;   //RCLK
   5          sbit SCK=P3^6;   //SRCLK
   6          sbit SER=P3^4;   //SER
   7          
   8          #define MATRIX_LED_PORT  P0
   9          
  10          void _74HC595_WriteByte(unsigned char Byte)
  11          {
  12   1        unsigned char i;
  13   1        for(i=0;i<8;i++)
  14   1        {
  15   2          SER=Byte&(0x80>>i);
  16   2        SCK=1;
  17   2        SCK=0;
  18   2        }
  19   1        RCK=1;
  20   1        RCK=0;
  21   1      }
  22          
  23          void MatrixLED_Init()
  24          {
  25   1        SCK=0;
  26   1        RCK=0;
  27   1      }
  28          
  29          void MatrixLED_ShowColumn(unsigned char Column,Data)
  30          {
  31   1        _74HC595_WriteByte(Data);
  32   1        MATRIX_LED_PORT=~(0X80>>Column);
  33   1        delay(1);
  34   1        MATRIX_LED_PORT=0xff;
  35   1      } 


MODULE INFORMATION:   STATIC OVERLAYABLE
   CODE SIZE        =     84    ----
   CONSTANT SIZE    =   ----    ----
   XDATA SIZE       =   ----    ----
   PDATA SIZE       =   ----    ----
   DATA SIZE        =   ----    ----
   IDATA SIZE       =   ----    ----
   BIT SIZE         =   ----    ----
END OF MODULE INFORMATION.


C51 COMPILATION COMPLETE.  0 WARNING(S),  0 ERROR(S)
