C51 COMPILER V9.54   MAIN                                                                  01/21/2022 22:34:14 PAGE 1   


C51 COMPILER V9.54, COMPILATION OF MODULE MAIN
OBJECT MODULE PLACED IN .\Objects\main.obj
COMPILER INVOKED BY: E:\KEIL5\C51\BIN\C51.EXE main.c OPTIMIZE(8,SPEED) BROWSE DEBUG OBJECTEXTEND PRINT(.\Listings\main.l
                    -st) TABS(2) OBJECT(.\Objects\main.obj)

line level    source

   1          #include <REGX52.H>
   2          #include "delay.h"
   3          #include "timer0.h"
   4          
   5          #define SPEED  300
   6          //  
   7          unsigned int code Music[]={
   8          //  17,4,
   9          //    17,4,
  10          //    17,4,
  11          //    17,2,
  12          //    17,2,
  13          //    18,4,
  14          //    18,4,
  15          //    18,4,
  16          //    18,2,
  17          //    18,2,
  18          //    17,4,
  19          //    17,4,
  20          //    17,4,
  21          //    17,2,
  22          //    17,2,
  23          //    15,4,
  24          //    15,4,
  25          //    15,4,
  26          //    15,2,
  27          //    15,6,
  28          //  0,4,
  29          //  0,4,
  30          //  13,4,
  31          //  13,4,
  32          //  17,4,
  33          //  17,4, 
  34          //  15,2,
  35          //  13,4,
  36          //  10,5,
  37          //  8,1,
  38          //  8,1,
  39          //  8,1,
  40          //  13,4,
  41          //  13,4,
  42          //  17,1,
  43          //  17,4,
  44          //  15,4,
  45          //  0,4,
  46            0,4,
  47            0,4,
  48            0,4,
  49            13,4,
  50            13,2,
  51            13,2,
  52            17,4,
  53            17,4,
  54            15,2,
C51 COMPILER V9.54   MAIN                                                                  01/21/2022 22:34:14 PAGE 2   

  55            13,4,
  56            10,4,
  57            8,2,
  58            10,2,
  59            13,2,
  60            15,4,
  61            13,4,
  62            17,2,
  63            17,3,
  64            0,2,
  65            13,6,
  66            0,4,
  67            0,4,
  68            17,2,
  69            20,6,
  70            25,8,
  71            0,4,
  72            18,2,
  73            17,6,
  74            13,8,
  75            0,4,
  76            17,2,
  77            20,6,
  78            25,6,
  79            25,4,
  80            18,2,
  81            22,6,
  82            20,6,
  83            0,4,
  84            0,4,
  85            0,4,
  86            17,2,
  87            20,6,
  88            25,8,
  89            0,4,
  90            18,2,
  91            17,6,
  92            13,8,
  93            0,4,
  94            17,2,
  95            20,4,
  96            20,4,
  97            20,2,
  98            20,2,
  99            17,2,
 100            22,2,
 101            20,6,
 102            0,16,
 103            17,2,
 104            20,6,
 105            25,8,
 106            0,4,
 107            18,2,
 108            17,6,
 109            13,8,
 110            0,4,
 111            17,2,
 112            20,6,
 113            25,6,
 114            25,4,
 115            24,2,
 116            22,6,
C51 COMPILER V9.54   MAIN                                                                  01/21/2022 22:34:14 PAGE 3   

 117            20,8,
 118            0,8,
 119            17,2,
 120            20,6,
 121            25,8,
 122            0,4,
 123            18,2,
 124            17,6,
 125            13,8,
 126            0,4,
 127            15,3,
 128            13,1,
 129            15,3,
 130            13,1,
 131            15,4,
 132            17,4,
 133            18,4,
 134            0,4,
 135            17,4,
 136            15,4,
 137            17,8,
 138            20,4,
 139            25,4,
 140            18,4,
 141            17,4,
 142            15,4,
 143            13,4,
 144            17,8,
 145            20,4,
 146            25,4,
 147            24,4,
 148            24,4,
 149            22,4,
 150            20,4,
 151            17,8,
 152            20,4,
 153            25,4,
 154            18,14,
 155            17,4,
 156            15,14,
 157            17,4,
 158            18,8,
 159            17,4,
 160            15,4,
 161            13,32,
 162            
 163            
 164            
 165            0xff
 166          };
 167          
 168          
 169          unsigned int FreqTable[]={0,63738,63831,63935,64028,64121,64203,64285,64360,64431,64500,64563,64628,
 170                                    64690,64733,64784,64832,64877,64920,64960,64996,65034,65058,65100,65115,
 171                                    65140,65185,65210,65234,65257,65278,65298,65317,65335,65352,65368,65383};
 172          
 173          sbit Buzzer=P2^5;
 174          
 175          unsigned char FreqSelect,MusicSelect;
 176          void main()
 177          {
 178   1        timer0_init();      
C51 COMPILER V9.54   MAIN                                                                  01/21/2022 22:34:14 PAGE 4   

 179   1        while(1)
 180   1          {
 181   2            if(Music[MusicSelect]!=0xff)
 182   2            {FreqSelect=Music[MusicSelect]; 
 183   3            MusicSelect++;
 184   3            delay(SPEED/4*Music[MusicSelect]);
 185   3            MusicSelect++;
 186   3            TR0=0;
 187   3            delay(150);
 188   3            TR0=1;}
 189   2            else{
 190   3              TR0=0;
 191   3              while(1);
 192   3            }
 193   2          }
 194   1      } 
 195          
 196          
 197          void timer0_routine() interrupt 1
 198          {
 199   1        if(FreqTable[FreqSelect]){
 200   2        TL0 = FreqTable[FreqSelect]%256;    //??????
 201   2        TH0 = FreqTable[FreqSelect]/256;    //??????
 202   2        Buzzer=!Buzzer;
 203   2        }
 204   1      }
 205          


MODULE INFORMATION:   STATIC OVERLAYABLE
   CODE SIZE        =    138    ----
   CONSTANT SIZE    =    466    ----
   XDATA SIZE       =   ----    ----
   PDATA SIZE       =   ----    ----
   DATA SIZE        =     76    ----
   IDATA SIZE       =   ----    ----
   BIT SIZE         =   ----    ----
END OF MODULE INFORMATION.


C51 COMPILATION COMPLETE.  0 WARNING(S),  0 ERROR(S)
