C51 COMPILER V9.54   TIMER0                                                                01/21/2022 22:34:15 PAGE 1   


C51 COMPILER V9.54, COMPILATION OF MODULE TIMER0
OBJECT MODULE PLACED IN .\Objects\timer0.obj
COMPILER INVOKED BY: E:\KEIL5\C51\BIN\C51.EXE ..\72\timer0.c OPTIMIZE(8,SPEED) BROWSE DEBUG OBJECTEXTEND PRINT(.\Listing
                    -s\timer0.lst) TABS(2) OBJECT(.\Objects\timer0.obj)

line level    source

   1          #include <REGX52.H>
   2          // timer 1ms
   3          
   4          void  timer0_init(void)   //1毫秒@12.000MHz
   5          {
   6   1        
   7   1        TMOD &= 0xF0;   //设置定时器模式
   8   1        TMOD |= 0x01;   //设置定时器模式
   9   1        TL0 = 0x18;   //设置定时初值
  10   1        TH0 = 0xFC;   //设置定时初值
  11   1        TF0 = 0;    //清除TF0标志
  12   1        TR0 = 1;    //定时器0开始计时
  13   1        ET0=1;
  14   1        EA=1;
  15   1        PT0=0;
  16   1      } 
  17          
  18          //void timer0routine() interrupt 1
  19          //{
  20          //  static unsigned int T0count;
  21          //  TL0 = 0x18;   //设置定时初值
  22          //  TH0 = 0xFC;   //设置定时初值
  23          //  T0count++;
  24          //  if(T0count>=1000)
  25          //  {
  26          //    T0count=0;  
  27          //  }
  28          //}
  29          
  30          ///*void timer0_init()
  31          //{
  32          //  TMOD=0X01;    //0000 0001
  33          //  TMOD=TMOD&0XF0;  //refresh the low 4 type of TMOD and keep the high 4
  34          //  TMOD=TMOD|0X01;  //make the lowest type of TMOD 1 and keep the high 4
  35          //  TF0=0;
  36          //  TR0=1;
  37          //  TH0=64535/256;
  38          //  TL0=64535%256;
  39          //  ET0=1;
  40          //  EA=1;
  41          //  PT0=0;
  42          //}*/


MODULE INFORMATION:   STATIC OVERLAYABLE
   CODE SIZE        =     23    ----
   CONSTANT SIZE    =   ----    ----
   XDATA SIZE       =   ----    ----
   PDATA SIZE       =   ----    ----
   DATA SIZE        =   ----    ----
   IDATA SIZE       =   ----    ----
   BIT SIZE         =   ----    ----
END OF MODULE INFORMATION.


C51 COMPILATION COMPLETE.  0 WARNING(S),  0 ERROR(S)
