C51 COMPILER V9.54   MAIN                                                                  01/04/2022 18:48:41 PAGE 1   


C51 COMPILER V9.54, COMPILATION OF MODULE MAIN
OBJECT MODULE PLACED IN .\Objects\main.obj
COMPILER INVOKED BY: C:\Keil_v5\C51\BIN\C51.EXE main.c OPTIMIZE(8,SPEED) BROWSE DEBUG OBJECTEXTEND PRINT(.\Listings\main
                    -.lst) TABS(2) OBJECT(.\Objects\main.obj)

line level    source

   1          #include <REGX52.H>
   2          #include "timer0.h"
   3          #include <INTRINS.h>
   4          #include <key.h>
   5          unsigned char LEDmode,keynumber;
   6          
   7          void main()
   8          {
   9   1        P2=0xFE;
  10   1        timer0init();
  11   1        while(1)
  12   1        {
  13   2          keynumber=key();
  14   2          if(keynumber)
  15   2          {
  16   3            if(keynumber==1)
  17   3            {
  18   4              LEDmode++;
  19   4              if(LEDmode>=2)LEDmode=0;
  20   4            }
  21   3          }     
  22   2        }
  23   1      }
  24          
  25          
  26          
  27          void timer0_routine() interrupt 1
  28          {
  29   1        static unsigned int T0count;
  30   1        TL0 = 0x18;   //设置定时初值
  31   1        TH0 = 0xFC;   //设置定时初值
  32   1        T0count++;
  33   1        if(T0count>=500)
  34   1        {
  35   2          T0count=0;
  36   2          if(LEDmode==0)
  37   2            P2=_crol_(P2,1);
  38   2          if(LEDmode==1)
  39   2            P2=_cror_(P2,1);
  40   2        }
  41   1      }


MODULE INFORMATION:   STATIC OVERLAYABLE
   CODE SIZE        =    116    ----
   CONSTANT SIZE    =   ----    ----
   XDATA SIZE       =   ----    ----
   PDATA SIZE       =   ----    ----
   DATA SIZE        =      4    ----
   IDATA SIZE       =   ----    ----
   BIT SIZE         =   ----    ----
END OF MODULE INFORMATION.


C51 COMPILATION COMPLETE.  0 WARNING(S),  0 ERROR(S)
