C51 COMPILER V9.54   MAIN                                                                  01/21/2022 16:13:10 PAGE 1   


C51 COMPILER V9.54, COMPILATION OF MODULE MAIN
OBJECT MODULE PLACED IN .\Objects\main.obj
COMPILER INVOKED BY: E:\KEIL5\C51\BIN\C51.EXE main.c OPTIMIZE(8,SPEED) BROWSE DEBUG OBJECTEXTEND PRINT(.\Listings\main.l
                    -st) TABS(2) OBJECT(.\Objects\main.obj)

line level    source

   1          #include <REGX52.H>
   2          #include "delay.h"
   3          #include "key.h"
   4          #include "nixie.h"
   5          #include "Buzzer.h"
   6          
   7          
   8          unsigned char KeyNum;
   9          unsigned int i;
  10          
  11          void main()
  12          {
  13   1        nixie(1,0);     
  14   1        while(1)
  15   1              {
  16   2                KeyNum=key();
  17   2                if(KeyNum)
  18   2                  {
  19   3                    Buzzer_Time(100);
  20   3                    nixie(1,KeyNum);
  21   3                  }
  22   2                
  23   2              }
  24   1      } 


MODULE INFORMATION:   STATIC OVERLAYABLE
   CODE SIZE        =     36    ----
   CONSTANT SIZE    =   ----    ----
   XDATA SIZE       =   ----    ----
   PDATA SIZE       =   ----    ----
   DATA SIZE        =      3    ----
   IDATA SIZE       =   ----    ----
   BIT SIZE         =   ----    ----
END OF MODULE INFORMATION.


C51 COMPILATION COMPLETE.  0 WARNING(S),  0 ERROR(S)
