C51 COMPILER V9.54   MAIN                                                                  01/04/2022 22:17:34 PAGE 1   


C51 COMPILER V9.54, COMPILATION OF MODULE MAIN
OBJECT MODULE PLACED IN .\Objects\MAIN.obj
COMPILER INVOKED BY: C:\Keil_v5\C51\BIN\C51.EXE MAIN.c OPTIMIZE(8,SPEED) BROWSE DEBUG OBJECTEXTEND PRINT(.\Listings\MAIN
                    -.lst) TABS(2) OBJECT(.\Objects\MAIN.obj)

line level    source

   1          #include <REGX52.H>
   2          #include "delay.h"
   3          
   4          
   5          sbit RCK=P3^5;   //RCLK
   6          sbit SCK=P3^6;   //SRCLK
   7          sbit SER=P3^4;   //SER
   8          
   9          #define MATRIX_LED_PORT  P0
  10          
  11          void _74HC595_WriteByte(unsigned char Byte)
  12          {
  13   1        unsigned char i;
  14   1        for(i=0;i<8;i++)
  15   1        {
  16   2          SER=Byte&(0x80>>i);
  17   2        SCK=1;
  18   2        SCK=0;
  19   2        }
  20   1        RCK=1;
  21   1        RCK=0;
  22   1      }
  23          
  24          
  25          
  26          void MatrixLED_ShowColumn(unsigned char Column,Data)
  27          {
  28   1        _74HC595_WriteByte(Data);
  29   1        MATRIX_LED_PORT=~(0X80>>Column);
  30   1        delay(1);
  31   1        MATRIX_LED_PORT=0xff;
  32   1      } 
  33          
  34          
  35          void main()
  36          {
  37   1        SCK=0;
  38   1        RCK=0;
  39   1      
  40   1        while(1)
  41   1        {
  42   2            MatrixLED_ShowColumn(0,0x82);
  43   2            MatrixLED_ShowColumn(1,0x40);
  44   2            MatrixLED_ShowColumn(2,0x20);
  45   2            MatrixLED_ShowColumn(3,0x10);
  46   2            MatrixLED_ShowColumn(0,0x82);
  47   2            MatrixLED_ShowColumn(1,0x40);
  48   2            MatrixLED_ShowColumn(2,0x20);
  49   2            MatrixLED_ShowColumn(3,0x10);
  50   2            MatrixLED_ShowColumn(0,0x82);
  51   2            MatrixLED_ShowColumn(1,0x40);
  52   2            MatrixLED_ShowColumn(2,0x20);
  53   2            MatrixLED_ShowColumn(3,0x10);
  54   2            MatrixLED_ShowColumn(0,0x82);
C51 COMPILER V9.54   MAIN                                                                  01/04/2022 22:17:34 PAGE 2   

  55   2            MatrixLED_ShowColumn(1,0x40);
  56   2            MatrixLED_ShowColumn(2,0x20);
  57   2            MatrixLED_ShowColumn(3,0x10);
  58   2        
  59   2        }
  60   1      }
  61            


MODULE INFORMATION:   STATIC OVERLAYABLE
   CODE SIZE        =    212    ----
   CONSTANT SIZE    =   ----    ----
   XDATA SIZE       =   ----    ----
   PDATA SIZE       =   ----    ----
   DATA SIZE        =   ----    ----
   IDATA SIZE       =   ----    ----
   BIT SIZE         =   ----    ----
END OF MODULE INFORMATION.


C51 COMPILATION COMPLETE.  0 WARNING(S),  0 ERROR(S)
