C51 COMPILER V9.54   123                                                                   01/02/2022 19:03:01 PAGE 1   


C51 COMPILER V9.54, COMPILATION OF MODULE 123
OBJECT MODULE PLACED IN .\Objects\123.obj
COMPILER INVOKED BY: C:\Keil_v5\C51\BIN\C51.EXE 123.c OPTIMIZE(8,SPEED) BROWSE DEBUG OBJECTEXTEND PRINT(.\Listings\123.l
                    -st) TABS(2) OBJECT(.\Objects\123.obj)

line level    source

   1          #include <REGX52.H>
   2          
   3          void Delay(unsigned int xms)    
   4          {
   5   1        unsigned char i, j;
   6   1        while(xms--)
   7   1      {
   8   2          i = 2;
   9   2          j = 239;
  10   2        do
  11   2        {
  12   3          while (--j);
  13   3        } while (--i);
  14   2      }
  15   1      }
  16          
  17          void mian()
  18          {
  19   1        
  20   1        unsigned char LEDNUM;
  21   1        P2=~0X01;
  22   1        while(1)
  23   1        {
  24   2           if(P3_1==0)
  25   2           {
  26   3             Delay(20);
  27   3             while(P3_1==0);
  28   3             Delay(20);
  29   3             
  30   3             LEDNUM++;
  31   3             if(LEDNUM>=8)
  32   3                 LEDNUM=0;
  33   3             P2=~(0x01<<LEDNUM);
  34   3           }
  35   2          
  36   2           
  37   2           
  38   2           if(P3_0==0)
  39   2           {
  40   3             Delay(20);
  41   3             while(P3_0==0);
  42   3             Delay(20);
  43   3             if(LEDNUM==0)
  44   3             LEDNUM==7;
*** WARNING C275 IN LINE 44 OF 123.c: expression with possibly no effect
  45   3             else
  46   3             LEDNUM--;
  47   3             P2=~(0x01<<LEDNUM);
  48   3           }
  49   2            
  50   2        
  51   2        }
  52   1        
  53   1      }
C51 COMPILER V9.54   123                                                                   01/02/2022 19:03:01 PAGE 2   



MODULE INFORMATION:   STATIC OVERLAYABLE
   CODE SIZE        =     95    ----
   CONSTANT SIZE    =   ----    ----
   XDATA SIZE       =   ----    ----
   PDATA SIZE       =   ----    ----
   DATA SIZE        =   ----    ----
   IDATA SIZE       =   ----    ----
   BIT SIZE         =   ----    ----
END OF MODULE INFORMATION.


C51 COMPILATION COMPLETE.  1 WARNING(S),  0 ERROR(S)
