C51 COMPILER V9.54   MAIN                                                                  03/16/2022 19:46:02 PAGE 1   


C51 COMPILER V9.54, COMPILATION OF MODULE MAIN
OBJECT MODULE PLACED IN .\Objects\main.obj
COMPILER INVOKED BY: E:\KEIL5\C51\BIN\C51.EXE main.c OPTIMIZE(8,SPEED) BROWSE DEBUG OBJECTEXTEND PRINT(.\Listings\main.l
                    -st) TABS(2) OBJECT(.\Objects\main.obj)

line level    source

   1          #include <REGX52.H>
   2          #include "Delay.h"
   3          #include "LCD1602.h"
   4          #include "Buzzer.h"
   5          #include "key.h"
   6          
   7          
   8          unsigned char keynum;
   9          unsigned int i;
  10          
  11          
  12          void main()
  13            {
  14   1        {LCD_Init();
  15   2        LCD_ShowString(1,1,"MODE1");
  16   2        LCD_ShowString(2,1,"MODE2");
  17   2        }
  18   1        
  19   1        
  20   1        
  21   1        
  22   1      while(1)
  23   1      {
  24   2        
  25   2        keynum=key();
  26   2        if(keynum==1)
  27   2        {
  28   3          LCD_ShowString(1,11,"SELECT");
  29   3          LCD_ShowString(2,11,"      ");
  30   3          LCD_ShowString(1,7,"    ");
  31   3          LCD_ShowString(2,7,"    ");
  32   3          i=1;
  33   3          P2_0=1;
  34   3        }
  35   2        else if(keynum==2)
  36   2        {
  37   3          LCD_ShowString(1,7,"    ");
  38   3          LCD_ShowString(2,7,"    ");
  39   3          LCD_ShowString(2,11,"SELECT");
  40   3          LCD_ShowString(1,11,"      ");
  41   3          i=2;
  42   3          P2_0=1;
  43   3        }
  44   2        else if(keynum==3)
  45   2        {
  46   3            if(i==1)
  47   3          {
  48   4            P2_0=0;
  49   4            LCD_ShowString(2,11,"      ");
  50   4            LCD_ShowString(1,11,"      ");
  51   4            LCD_ShowString(1,7,"LED1");
  52   4            LCD_ShowString(2,7,"    ");
  53   4          }
  54   3            else if(i==2)
C51 COMPILER V9.54   MAIN                                                                  03/16/2022 19:46:02 PAGE 2   

  55   3          {
  56   4            P2_0=1;
  57   4            LCD_ShowString(2,11,"      ");
  58   4            LCD_ShowString(1,11,"      ");
  59   4            LCD_ShowString(2,7,"BEEP");
  60   4            LCD_ShowString(1,7,"    ");
  61   4            Delay(300);
  62   4            Buzzer_Time(300);
  63   4          }
  64   3        }
  65   2      }
  66   1      }


MODULE INFORMATION:   STATIC OVERLAYABLE
   CODE SIZE        =    325    ----
   CONSTANT SIZE    =     41    ----
   XDATA SIZE       =   ----    ----
   PDATA SIZE       =   ----    ----
   DATA SIZE        =      3    ----
   IDATA SIZE       =   ----    ----
   BIT SIZE         =   ----    ----
END OF MODULE INFORMATION.


C51 COMPILATION COMPLETE.  0 WARNING(S),  0 ERROR(S)
