C51 COMPILER V9.54   MAIN                                                                  01/04/2022 20:45:07 PAGE 1   


C51 COMPILER V9.54, COMPILATION OF MODULE MAIN
OBJECT MODULE PLACED IN .\Objects\main.obj
COMPILER INVOKED BY: C:\Keil_v5\C51\BIN\C51.EXE main.c OPTIMIZE(8,SPEED) BROWSE DEBUG OBJECTEXTEND PRINT(.\Listings\main
                    -.lst) TABS(2) OBJECT(.\Objects\main.obj)

line level    source

   1          #include <REGX52.H>
   2          #include "delay.h"
   3          #include "UART.h"
   4            
   5          unsigned char sec;
   6          
   7          
   8            
   9          void main()
  10          
  11          {
  12   1        
  13   1        UART_Init();
  14   1        while(1)
  15   1        {
  16   2          
  17   2          UART_SendByte(sec);
  18   2          sec++;
  19   2          delay(1000);
  20   2          
  21   2        }
  22   1      }
  23            


MODULE INFORMATION:   STATIC OVERLAYABLE
   CODE SIZE        =     19    ----
   CONSTANT SIZE    =   ----    ----
   XDATA SIZE       =   ----    ----
   PDATA SIZE       =   ----    ----
   DATA SIZE        =      1    ----
   IDATA SIZE       =   ----    ----
   BIT SIZE         =   ----    ----
END OF MODULE INFORMATION.


C51 COMPILATION COMPLETE.  0 WARNING(S),  0 ERROR(S)
