C51 COMPILER V9.54   UART                                                                  01/04/2022 20:45:07 PAGE 1   


C51 COMPILER V9.54, COMPILATION OF MODULE UART
OBJECT MODULE PLACED IN .\Objects\UART.obj
COMPILER INVOKED BY: C:\Keil_v5\C51\BIN\C51.EXE UART.c OPTIMIZE(8,SPEED) BROWSE DEBUG OBJECTEXTEND PRINT(.\Listings\UART
                    -.lst) TABS(2) OBJECT(.\Objects\UART.obj)

line level    source

   1          #include <REGX52.H>
   2          #include "delay.h"
   3          
   4            
   5          
   6          
   7          void UART_Init()//4800bps@12.000MHz
   8          {
   9   1         SCON=0x40;
  10   1         PCON |= 0x80;  
  11   1         TMOD &= 0x0F;    //设置定时器模式
  12   1         TMOD |= 0x20;    //设置定时器模式
  13   1         TL1 = 0xF3;    //设定定时初值
  14   1         TH1 = 0xF3;    //设定定时器重装值
  15   1         ET1 = 0;   //禁止定时器1中断
  16   1         TR1 = 1;   //启动定时器1
  17   1        
  18   1      }
  19          
  20          
  21          void UART_SendByte(unsigned char Byte)
  22          {
  23   1        SBUF=Byte;
  24   1        while(TI==0);
  25   1        TI=0;
  26   1      }


MODULE INFORMATION:   STATIC OVERLAYABLE
   CODE SIZE        =     31    ----
   CONSTANT SIZE    =   ----    ----
   XDATA SIZE       =   ----    ----
   PDATA SIZE       =   ----    ----
   DATA SIZE        =   ----    ----
   IDATA SIZE       =   ----    ----
   BIT SIZE         =   ----    ----
END OF MODULE INFORMATION.


C51 COMPILATION COMPLETE.  0 WARNING(S),  0 ERROR(S)
