C51 COMPILER V9.54   KEY                                                                   02/10/2022 22:02:06 PAGE 1   


C51 COMPILER V9.54, COMPILATION OF MODULE KEY
OBJECT MODULE PLACED IN .\Objects\key.obj
COMPILER INVOKED BY: E:\KEIL5\C51\BIN\C51.EXE key.c OPTIMIZE(8,SPEED) BROWSE DEBUG OBJECTEXTEND PRINT(.\Listings\key.lst
                    -) TABS(2) OBJECT(.\Objects\key.obj)

line level    source

   1          #include <REGX52.H>
   2          #include "delay.h"
   3          
   4          unsigned char key()
   5          {
   6   1          unsigned char keynumber=0;
   7   1          
   8   1          if(P3_1==0){delay(30);while(P3_1==0);delay(20);keynumber=1;}
   9   1          if(P3_0==0){delay(30);while(P3_0==0);delay(20);keynumber=2;}
  10   1          if(P3_2==0){delay(30);while(P3_2==0);delay(20);keynumber=3;}
  11   1          if(P3_3==0){delay(30);while(P3_3==0);delay(20);keynumber=4;}
  12   1      
  13   1        
  14   1          return keynumber;
  15   1      
  16   1      }


MODULE INFORMATION:   STATIC OVERLAYABLE
   CODE SIZE        =     97    ----
   CONSTANT SIZE    =   ----    ----
   XDATA SIZE       =   ----    ----
   PDATA SIZE       =   ----    ----
   DATA SIZE        =   ----       1
   IDATA SIZE       =   ----    ----
   BIT SIZE         =   ----    ----
END OF MODULE INFORMATION.


C51 COMPILATION COMPLETE.  0 WARNING(S),  0 ERROR(S)
