C51 COMPILER V9.54   MAIN                                                                  02/10/2022 22:02:06 PAGE 1   


C51 COMPILER V9.54, COMPILATION OF MODULE MAIN
OBJECT MODULE PLACED IN .\Objects\MAIN.obj
COMPILER INVOKED BY: E:\KEIL5\C51\BIN\C51.EXE MAIN.c OPTIMIZE(8,SPEED) BROWSE DEBUG OBJECTEXTEND PRINT(.\Listings\MAIN.l
                    -st) TABS(2) OBJECT(.\Objects\MAIN.obj)

line level    source

   1          #include <REGX52.H>
   2          
   3          #include "delay.h"
   4          #include "key.h"
   5          #include "nixie.h"
   6          #include "timer0.h"
   7          
   8          
   9          sbit motor=P1^0;
  10          
  11          unsigned char counter,compare;  
  12          unsigned char keynum,speed;
  13          
  14          void main()
  15          {
  16   1        timer0init();
  17   1        while(1)
  18   1        {
  19   2          keynum=key();
  20   2          if(keynum==1)
  21   2          {
  22   3            speed++;
  23   3            speed%=4;
  24   3            if(speed==0){compare=0;}  
  25   3            if(speed==1){compare=50;}
  26   3            if(speed==2){compare=75;}
  27   3            if(speed==3){compare=100;}
  28   3          }
  29   2          nixie(1,speed);
  30   2        }
  31   1      }
  32          
  33          void timer0_routine() interrupt 1
  34          {
  35   1        TL0 = 0x9c;   
  36   1        TH0 = 0xff;   
  37   1        counter++;
  38   1        counter%=100; 
  39   1        if(counter<compare) 
  40   1        {
  41   2          motor=1;    
  42   2        }
  43   1        else      
  44   1        {
  45   2          motor=0;  
  46   2        }
  47   1      }


MODULE INFORMATION:   STATIC OVERLAYABLE
   CODE SIZE        =    104    ----
   CONSTANT SIZE    =   ----    ----
   XDATA SIZE       =   ----    ----
   PDATA SIZE       =   ----    ----
C51 COMPILER V9.54   MAIN                                                                  02/10/2022 22:02:06 PAGE 2   

   DATA SIZE        =      4    ----
   IDATA SIZE       =   ----    ----
   BIT SIZE         =   ----    ----
END OF MODULE INFORMATION.


C51 COMPILATION COMPLETE.  0 WARNING(S),  0 ERROR(S)
