C51 COMPILER V9.54   31                                                                    01/02/2022 17:44:46 PAGE 1   


C51 COMPILER V9.54, COMPILATION OF MODULE 31
OBJECT MODULE PLACED IN .\Objects\31.obj
COMPILER INVOKED BY: C:\Keil_v5\C51\BIN\C51.EXE ..\31.c OPTIMIZE(8,SPEED) BROWSE DEBUG OBJECTEXTEND PRINT(.\Listings\31.
                    -lst) TABS(2) OBJECT(.\Objects\31.obj)

line level    source

   1          #include <REGX52.H>
   2          
   3          void main()
   4          {
   5   1        P2_0=0;
   6   1        P2_0=0;
   7   1        while(1)
   8   1          {
   9   2                if(P3_1==0&&P3_0==0)
  10   2                {
  11   3                  P2_0=0;
  12   3                  
  13   3                } 
  14   2                else
  15   2                {
  16   3                 P2_0=1;
  17   3                }         
  18   2        }
  19   1      
  20   1      
  21   1      }


MODULE INFORMATION:   STATIC OVERLAYABLE
   CODE SIZE        =     18    ----
   CONSTANT SIZE    =   ----    ----
   XDATA SIZE       =   ----    ----
   PDATA SIZE       =   ----    ----
   DATA SIZE        =   ----    ----
   IDATA SIZE       =   ----    ----
   BIT SIZE         =   ----    ----
END OF MODULE INFORMATION.


C51 COMPILATION COMPLETE.  0 WARNING(S),  0 ERROR(S)
