C51 COMPILER V9.54   MAIN                                                                  04/09/2022 16:08:58 PAGE 1   


C51 COMPILER V9.54, COMPILATION OF MODULE MAIN
OBJECT MODULE PLACED IN .\Objects\main.obj
COMPILER INVOKED BY: E:\KEIL5\C51\BIN\C51.EXE main.c OPTIMIZE(8,SPEED) BROWSE INCDIR(.\HARDWARE\wheel;.\HARDWARE\Delay;.
                    -\HARDWARE\run;.\HARDWARE\sonar;.\HARDWARE\fan;.\HARDWARE\fire;.\HARDWARE\fire;.\HARDWARE\sonar2) DEBUG OBJECTEXTEND PRIN
                    -T(.\Listings\main.lst) TABS(2) OBJECT(.\Objects\main.obj)

line level    source

   1          #include "run.h"
   2          #include "sonar.h"
   3          #include "fire.h"
   4          #include "fan.h"
   5          #include "sonar2.h"
   6          #include "Delay.h"
   7          int flag = 0;
   8          void main()
   9          {
  10   1        fan_off();
  11   1        Timer_Init();
  12   1        while(1)
  13   1        {
  14   2        flag = fire();
  15   2        if(flag <= 1)
  16   2          {
  17   3            sonar();
  18   3            fire();
  19   3          }
  20   2        if(flag == 2)
  21   2          {
  22   3            sonar2();
  23   3            fire();
  24   3        if(flag == 3)
  25   3          {
  26   4            car_leftstop();
  27   4            Delay(400);
  28   4            car_go();
  29   4            Delay(330);
  30   4            sonar();
  31   4          }
  32   3         }
  33   2        }
  34   1      } 


MODULE INFORMATION:   STATIC OVERLAYABLE
   CODE SIZE        =     79    ----
   CONSTANT SIZE    =   ----    ----
   XDATA SIZE       =   ----    ----
   PDATA SIZE       =   ----    ----
   DATA SIZE        =      2    ----
   IDATA SIZE       =   ----    ----
   BIT SIZE         =   ----    ----
END OF MODULE INFORMATION.


C51 COMPILATION COMPLETE.  0 WARNING(S),  0 ERROR(S)
