C51 COMPILER V9.54   SONAR2                                                                04/09/2022 16:08:58 PAGE 1   


C51 COMPILER V9.54, COMPILATION OF MODULE SONAR2
OBJECT MODULE PLACED IN .\Objects\sonar2.obj
COMPILER INVOKED BY: E:\KEIL5\C51\BIN\C51.EXE HARDWARE\sonar2\sonar2.c OPTIMIZE(8,SPEED) BROWSE INCDIR(.\HARDWARE\wheel;
                    -.\HARDWARE\Delay;.\HARDWARE\run;.\HARDWARE\sonar;.\HARDWARE\fan;.\HARDWARE\fire;.\HARDWARE\fire;.\HARDWARE\sonar2) DEBUG
                    - OBJECTEXTEND PRINT(.\Listings\sonar2.lst) TABS(2) OBJECT(.\Objects\sonar2.obj)

line level    source

   1          #include <REGX52.H>
   2          #include <intrins.h>
   3          #include "run.h"
   4          #include "Delay.h"
   5          
   6          ////////////////////////////////////////////////////////////////
   7          
   8          sbit Trig1 = P2^0;   //emitter  front
   9          sbit Trig2 = P2^2;   //emitter  right1
  10          sbit Trig3 = P2^4;   //emitter  right2
  11          sbit Echo1 = P2^1;   //receiver front
  12          sbit Echo2 = P2^3;   //receiver right1
  13          sbit Echo3 = P2^5;   //receiver right2
  14          
  15          static unsigned int distance1,distance2,distance3;//distance? due to P2^?
  16          static unsigned int j = 0,k = 0,l = 0;      //flags
  17          
  18          ////////////////////////////////////////////////////////////////
  19          
  20          void Delay15us2()   //@11.0592MHz
  21          {
  22   1        unsigned char i;
  23   1      
  24   1        _nop_();
  25   1        i = 5;
  26   1        while (--i);
  27   1      }
  28          
  29          ////////////////////////////////////////////////////////////////
  30          
  31          void sonar2()
  32          {
  33   1        TMOD  = 0x11;    //since timer1 has set as mode1 in run.c
  34   1        TL1   = 0;       //initial set
  35   1        TH1   = 0;       //initial set
  36   1        EA    = 1;       //open all timers
  37   1        
  38   1      ////////////////////////////
  39   1        
  40   1        Trig1 = 1;       //front emiter
  41   1        Delay15us2();
  42   1        Trig1 = 0;       //emit a TTL in 20us 
  43   1        while(!Echo1);
  44   1        TR1   = 1;       //clock start
  45   1        while(Echo1);    //until received
  46   1        {
  47   2          TR1 = 0;       //end clock
  48   2          distance1 = ((TH1*256+TL1)*0.034)/2;
  49   2          TL1 = 0;       //initial reset
  50   2          TH1 = 0;       //initial reset  
  51   2        }
  52   1        
  53   1        
C51 COMPILER V9.54   SONAR2                                                                04/09/2022 16:08:58 PAGE 2   

  54   1        Trig2 = 1;       //left emiter
  55   1        Delay15us2();
  56   1        Trig2 = 0;       //emit a TTL in 20us 
  57   1        while(!Echo2);
  58   1        TR1   = 1;       //clock start
  59   1        while(Echo2);    //until received
  60   1        {
  61   2          TR1 = 0;       //end clock
  62   2          distance2 = ((TH1*256+TL1)*0.034)/2;
  63   2          TL1 = 0;       //initial reset
  64   2          TH1 = 0;       //initial reset  
  65   2        }
  66   1      
  67   1        
  68   1        Trig3 = 1;       //right emiter
  69   1        Delay15us2();
  70   1        Trig3 = 0;       //emit a TTL in 20us 
  71   1        while(!Echo3);
  72   1        TR1   = 1;       //clock start
  73   1        while(Echo3);    //until received
  74   1        {
  75   2          TR1 = 0;       //end clock
  76   2          distance3 = ((TH1*256+TL1)*0.034)/2;
  77   2          TL1 = 0;       //initial reset
  78   2          TH1 = 0;       //initial reset  
  79   2        }
  80   1      
  81   1      ///////////////////////////
  82   1       
  83   1      if(distance1 < 77 && distance1 > 69 && distance3 < 20 && k == 0 )
  84   1       {
  85   2         if(distance3 < 10)
  86   2          {car_stop();Delay(150);car_leftgo();Delay(520);car_stop();Delay(60);car_go();Delay(100);k = 1;j = 1;}
  87   2       }
  88   1      
  89   1      if(j == 1)
  90   1       { 
  91   2         if(distance1 < 33)
  92   2          {car_stop();Delay(80);j = 0;}
  93   2         if(l <= 9)
  94   2          {car_go();Delay(200);car_stop();Delay(100);l = l+1;}
  95   2         if(l > 9)
  96   2          {car_stop();Delay(150);car_leftstop();Delay(320);l = 0;} 
  97   2         
  98   2       }  
  99   1      else
 100   1       {
 101   2        if(distance1 < 15)    
 102   2        {car_stop();Delay(80);car_leftstop();Delay(110);car_stop();Delay(80);}
 103   2        if(distance2 < 15)    
 104   2        {car_stop();Delay(80);car_leftstop();Delay(110);car_stop();Delay(80);}
 105   2        else
 106   2        {
 107   3         if(distance3 < 8.5)
 108   3         {car_leftgo();Delay(60);car_go();Delay(120);car_stop();Delay(80);}
 109   3         if(distance3 > 8.5)
 110   3         {
 111   4          if(distance3 > 20 && distance3 < 240)
 112   4          {car_rightgo();Delay(93);car_go();Delay(49);car_stop();Delay(80);}
 113   4          else
 114   4          {car_rightgo();Delay(60);car_go();Delay(120);car_stop();Delay(80);}
 115   4         }
C51 COMPILER V9.54   SONAR2                                                                04/09/2022 16:08:58 PAGE 3   

 116   3        }   
 117   2       }  
 118   1      
 119   1      }


MODULE INFORMATION:   STATIC OVERLAYABLE
   CODE SIZE        =    639    ----
   CONSTANT SIZE    =   ----    ----
   XDATA SIZE       =   ----    ----
   PDATA SIZE       =   ----    ----
   DATA SIZE        =     12    ----
   IDATA SIZE       =   ----    ----
   BIT SIZE         =   ----    ----
END OF MODULE INFORMATION.


C51 COMPILATION COMPLETE.  0 WARNING(S),  0 ERROR(S)
