C51 COMPILER V9.54   72                                                                    01/04/2022 19:08:53 PAGE 1   


C51 COMPILER V9.54, COMPILATION OF MODULE 72
OBJECT MODULE PLACED IN .\Objects\72.obj
COMPILER INVOKED BY: C:\Keil_v5\C51\BIN\C51.EXE 72.c OPTIMIZE(8,SPEED) BROWSE DEBUG OBJECTEXTEND PRINT(.\Listings\72.lst
                    -) TABS(2) OBJECT(.\Objects\72.obj)

line level    source

   1          #include <REGX52.H>
   2          #include "delay.h"
   3          #include "LCD1602.h"
   4          #include "timer0.h"
   5          
   6          unsigned char sec,min,hour;
   7          
   8          void main()
   9          
  10          {
  11   1        LCD_Init();
  12   1        timer0init();
  13   1        LCD_ShowString(1,1,"CLOCK:");
  14   1        LCD_ShowString(2,1,"  :  :");
  15   1        while(1)
  16   1        {
  17   2          LCD_ShowNum(2,1,hour,2);
  18   2          LCD_ShowNum(2,4,min,2);
  19   2          LCD_ShowNum(2,7,sec,2);
  20   2        }
  21   1      }
  22            
  23          void timer0routine() interrupt 1
  24          {
  25   1        static unsigned int T0count;
  26   1        TL0 = 0x18;   //设置定时初值
  27   1        TH0 = 0xFC;   //设置定时初值
  28   1        T0count++;
  29   1        if(T0count>=1000)
  30   1        {
  31   2          T0count=0;  
  32   2          sec++;
  33   2          if(sec>=60)
  34   2          {
  35   3          sec=0;
  36   3            min++;
  37   3            if(min>=60)
  38   3            {
  39   4                min=0;
  40   4                hour++;
  41   4                if(hour>=24)
  42   4                  hour=0;
  43   4            }
  44   3          }
  45   2        }
  46   1      }
  47              


MODULE INFORMATION:   STATIC OVERLAYABLE
   CODE SIZE        =    150    ----
   CONSTANT SIZE    =     14    ----
   XDATA SIZE       =   ----    ----
   PDATA SIZE       =   ----    ----
C51 COMPILER V9.54   72                                                                    01/04/2022 19:08:53 PAGE 2   

   DATA SIZE        =      5    ----
   IDATA SIZE       =   ----    ----
   BIT SIZE         =   ----    ----
END OF MODULE INFORMATION.


C51 COMPILATION COMPLETE.  0 WARNING(S),  0 ERROR(S)
