C51 COMPILER V9.54   MAIN                                                                  01/04/2022 15:51:43 PAGE 1   


C51 COMPILER V9.54, COMPILATION OF MODULE MAIN
OBJECT MODULE PLACED IN .\Objects\MAIN.obj
COMPILER INVOKED BY: C:\Keil_v5\C51\BIN\C51.EXE MAIN.c OPTIMIZE(8,SPEED) BROWSE DEBUG OBJECTEXTEND PRINT(.\Listings\MAIN
                    -.lst) TABS(2) OBJECT(.\Objects\MAIN.obj)

line level    source

   1          #include <REGX52.H>
   2          #include "delay.h"
   3          #include "LCD1602.h"
   4          #include "matrixkey.h"
   5          
   6          unsigned char keynumber;
   7          unsigned int password,count;
   8          
   9          void main()
  10          {
  11   1        LCD_Init();
  12   1        LCD_ShowString(1,1,"Password:");
  13   1        while(1)
  14   1           {
  15   2           keynumber=matrixkey();
  16   2           if(keynumber){
  17   3             if(keynumber<=10)         //if press S1~S10,pu in the key
  18   3             
  19   3             {
  20   4               if(count<5)       //terns<4
  21   4                 {
  22   5                 password*=10;     //left one type
  23   5                 password+=keynumber%10;    //get one type of password}
  24   5               }
  25   4               count++;      //terns+1
  26   4             }
  27   3             LCD_ShowNum(2,1,password,5);
  28   3           }
  29   2             if(keynumber==11)    //if press S11,then confirm
  30   2             {
  31   3                 if(password==12345)
  32   3                 {
  33   4                   LCD_ShowString(1,9,":RIGHT");    // if the password is right
  34   4                   password=0;
  35   4                   count=0;
  36   4                   LCD_ShowNum(2,1,password,5);
  37   4                 }
  38   3                 else
  39   3                   {
  40   4                   LCD_ShowString(1,9,":WRONG");     //if the password is wrong            
  41   4                   password=0;
  42   4                   count=0;
  43   4                   LCD_ShowNum(2,1,password,5);
  44   4                   }
  45   3             }
  46   2              if(keynumber==12)
  47   2              {
  48   3               password=0;
  49   3                   count=0;
  50   3                   LCD_ShowNum(2,1,password,5);
  51   3              }
  52   2           }
  53   1          
  54   1      
C51 COMPILER V9.54   MAIN                                                                  01/04/2022 15:51:43 PAGE 2   

  55   1      }


MODULE INFORMATION:   STATIC OVERLAYABLE
   CODE SIZE        =    189    ----
   CONSTANT SIZE    =     24    ----
   XDATA SIZE       =   ----    ----
   PDATA SIZE       =   ----    ----
   DATA SIZE        =      5    ----
   IDATA SIZE       =   ----    ----
   BIT SIZE         =   ----    ----
END OF MODULE INFORMATION.


C51 COMPILATION COMPLETE.  0 WARNING(S),  0 ERROR(S)
