C51 COMPILER V9.54   MATRIXKEY                                                             01/04/2022 15:51:44 PAGE 1   


C51 COMPILER V9.54, COMPILATION OF MODULE MATRIXKEY
OBJECT MODULE PLACED IN .\Objects\matrixkey.obj
COMPILER INVOKED BY: C:\Keil_v5\C51\BIN\C51.EXE matrixkey.c OPTIMIZE(8,SPEED) BROWSE DEBUG OBJECTEXTEND PRINT(.\Listings
                    -\matrixkey.lst) TABS(2) OBJECT(.\Objects\matrixkey.obj)

line level    source

   1          #include <REGX52.H>
   2          #include "delay.h"
   3          /*
   4          keynumber:the number of which you press
   5          if keep pressing at once no change
   6          
   7          */
   8          unsigned char matrixkey()
   9          {
  10   1        unsigned char keynumber=0;
  11   1        
  12   1        P1=0XFF;
  13   1        P1_3=0;
  14   1        if(P1_7==0){delay(20);while(P1_7==0);delay(20);keynumber=1;}
  15   1        if(P1_6==0){delay(20);while(P1_6==0);delay(20);keynumber=5;}
  16   1        if(P1_5==0){delay(20);while(P1_5==0);delay(20);keynumber=9;}
  17   1        if(P1_4==0){delay(20);while(P1_4==0);delay(20);keynumber=13;}
  18   1        
  19   1          
  20   1        P1=0XFF;
  21   1        P1_2=0;
  22   1        if(P1_7==0){delay(20);while(P1_7==0);delay(20);keynumber=2;}
  23   1        if(P1_6==0){delay(20);while(P1_6==0);delay(20);keynumber=6;}
  24   1        if(P1_5==0){delay(20);while(P1_5==0);delay(20);keynumber=10;}
  25   1        if(P1_4==0){delay(20);while(P1_4==0);delay(20);keynumber=14;}
  26   1        
  27   1          
  28   1        P1=0XFF;
  29   1        P1_1=0;
  30   1        if(P1_7==0){delay(20);while(P1_7==0);delay(20);keynumber=3;}
  31   1        if(P1_6==0){delay(20);while(P1_6==0);delay(20);keynumber=7;}
  32   1        if(P1_5==0){delay(20);while(P1_5==0);delay(20);keynumber=11;}
  33   1        if(P1_4==0){delay(20);while(P1_4==0);delay(20);keynumber=15;}
  34   1          
  35   1        P1=0XFF;
  36   1        P1_0=0;
  37   1        if(P1_7==0){delay(20);while(P1_7==0);delay(20);keynumber=4;}
  38   1        if(P1_6==0){delay(20);while(P1_6==0);delay(20);keynumber=8;}
  39   1        if(P1_5==0){delay(20);while(P1_5==0);delay(20);keynumber=12;}
  40   1        if(P1_4==0){delay(20);while(P1_4==0);delay(20);keynumber=16;}
  41   1        
  42   1        
  43   1        return keynumber;
  44   1        
  45   1      }


MODULE INFORMATION:   STATIC OVERLAYABLE
   CODE SIZE        =    393    ----
   CONSTANT SIZE    =   ----    ----
   XDATA SIZE       =   ----    ----
   PDATA SIZE       =   ----    ----
   DATA SIZE        =   ----       1
   IDATA SIZE       =   ----    ----
C51 COMPILER V9.54   MATRIXKEY                                                             01/04/2022 15:51:44 PAGE 2   

   BIT SIZE         =   ----    ----
END OF MODULE INFORMATION.


C51 COMPILATION COMPLETE.  0 WARNING(S),  0 ERROR(S)
