C51 COMPILER V9.54   MAIN                                                                  01/13/2022 19:47:22 PAGE 1   


C51 COMPILER V9.54, COMPILATION OF MODULE MAIN
OBJECT MODULE PLACED IN .\Objects\main.obj
COMPILER INVOKED BY: E:\KEIL5\C51\BIN\C51.EXE main.c OPTIMIZE(8,SPEED) BROWSE DEBUG OBJECTEXTEND PRINT(.\Listings\main.l
                    -st) TABS(2) OBJECT(.\Objects\main.obj)

line level    source

   1          #include <REGX52.H>
   2          #include "LCD1602.h"
*** WARNING C318 IN LINE 2 OF main.c: can't open file 'LCD1602.h'
   3          
   4          void main()
   5          {
   6   1              LCD_Init();
*** WARNING C206 IN LINE 6 OF main.c: 'LCD_Init': missing function-prototype
   7   1              LCD_ShowString(1,1,"RTC");
*** WARNING C206 IN LINE 7 OF main.c: 'LCD_ShowString': missing function-prototype
*** ERROR C267 IN LINE 7 OF main.c: 'LCD_ShowString': requires ANSI-style prototype
   8   1              while(1)
   9   1              {
  10   2              
  11   2              }
  12   1      } 

C51 COMPILATION COMPLETE.  3 WARNING(S),  1 ERROR(S)
