C51 COMPILER V9.54   22                                                                    01/04/2022 13:27:41 PAGE 1   


C51 COMPILER V9.54, COMPILATION OF MODULE 22
OBJECT MODULE PLACED IN .\Objects\22.obj
COMPILER INVOKED BY: C:\Keil_v5\C51\BIN\C51.EXE 22.c OPTIMIZE(8,SPEED) BROWSE DEBUG OBJECTEXTEND PRINT(.\Listings\22.lst
                    -) TABS(2) OBJECT(.\Objects\22.obj)

line level    source

   1          #difine AAA
*** WARNING C315 IN LINE 1 OF 22.c: unknown #directive 'difine'
   2          
   3          #ifdef AAA
              
              bfoajifsjaoif
              
              #endif
   8          
   9          
  10          
  11          
  12          
  13          #include <REGX52.H>
  14          void delay(unsigned int xms)    //@12.000MHz
  15          {
  16   1        unsigned char i, j;
  17   1        while(xms--){
  18   2        i = 12;
  19   2        j = 169;
  20   2        do
  21   2        {
  22   3          while (--j);
  23   3        } while (--i);}
  24   1      }
  25          
  26          unsigned char nixietable[]={0x3f,0x06,0x5b,0x4f,0x66,0x6d,0x7d,0x07,0x7f,0x6f};
  27          
  28          void nixie(unsigned char location,number)
  29          {
  30   1        switch(location)
  31   1        {
  32   2          case 1:P2_4=1;P2_3=1;P2_2=1;break;
  33   2          case 2:P2_4=1;P2_3=1;P2_2=0;break;
  34   2          case 3:P2_4=1;P2_3=0;P2_2=1;break;
  35   2          case 4:P2_4=1;P2_3=0;P2_2=0;break;
  36   2          case 5:P2_4=0;P2_3=1;P2_2=1;break;
  37   2          case 6:P2_4=0;P2_3=1;P2_2=0;break;
  38   2          case 7:P2_4=0;P2_3=0;P2_2=1;break;
  39   2          case 8:P2_4=0;P2_3=0;P2_2=0;break;
  40   2        }
  41   1        P0=nixietable[number];
  42   1      }
  43          
  44          void main()
  45          {
  46   1        
  47   1        while(1)
  48   1          {
  49   2            nixie(1,1);
  50   2            delay(1);
  51   2            nixie(2,2);
  52   2            delay(1);
  53   2            nixie(3,3);
C51 COMPILER V9.54   22                                                                    01/04/2022 13:27:41 PAGE 2   

  54   2            delay(1);
  55   2          }
  56   1      
  57   1      }


MODULE INFORMATION:   STATIC OVERLAYABLE
   CODE SIZE        =    167    ----
   CONSTANT SIZE    =   ----    ----
   XDATA SIZE       =   ----    ----
   PDATA SIZE       =   ----    ----
   DATA SIZE        =     10    ----
   IDATA SIZE       =   ----    ----
   BIT SIZE         =   ----    ----
END OF MODULE INFORMATION.


C51 COMPILATION COMPLETE.  1 WARNING(S),  0 ERROR(S)
