C51 COMPILER V9.54   MAIN                                                                  01/04/2022 20:58:52 PAGE 1   


C51 COMPILER V9.54, COMPILATION OF MODULE MAIN
OBJECT MODULE PLACED IN .\Objects\main.obj
COMPILER INVOKED BY: C:\Keil_v5\C51\BIN\C51.EXE main.c OPTIMIZE(8,SPEED) BROWSE DEBUG OBJECTEXTEND PRINT(.\Listings\main
                    -.lst) TABS(2) OBJECT(.\Objects\main.obj)

line level    source

   1          #include <REGX52.H>
   2          #include "delay.h"
   3          #include "UART.h"
   4            
   5            
   6          void main()
   7          
   8          {
   9   1        
  10   1        UART_Init();
  11   1        while(1)
  12   1        {
  13   2          
  14   2        }
  15   1      }
  16          
  17          
  18          
  19          
  20          void UART_Routine() interrupt 4
  21          {
  22   1        if(RI==1)
  23   1        {
  24   2            P2=~SBUF;
  25   2            UART_SendByte(SBUF);
  26   2            RI=0;
  27   2        }
  28   1      }


MODULE INFORMATION:   STATIC OVERLAYABLE
   CODE SIZE        =     76    ----
   CONSTANT SIZE    =   ----    ----
   XDATA SIZE       =   ----    ----
   PDATA SIZE       =   ----    ----
   DATA SIZE        =   ----    ----
   IDATA SIZE       =   ----    ----
   BIT SIZE         =   ----    ----
END OF MODULE INFORMATION.


C51 COMPILATION COMPLETE.  0 WARNING(S),  0 ERROR(S)
