C51 COMPILER V9.54   NIXIE                                                                 01/04/2022 13:54:45 PAGE 1   


C51 COMPILER V9.54, COMPILATION OF MODULE NIXIE
OBJECT MODULE PLACED IN .\Objects\nixie.obj
COMPILER INVOKED BY: C:\Keil_v5\C51\BIN\C51.EXE nixie.c OPTIMIZE(8,SPEED) BROWSE DEBUG OBJECTEXTEND PRINT(.\Listings\nix
                    -ie.lst) TABS(2) OBJECT(.\Objects\nixie.obj)

line level    source

   1          #include <REGX52.H>
   2          #include "delay.h"
   3          
   4          unsigned char nixietable[]={0x3f,0x06,0x5b,0x4f,0x66,0x6d,0x7d,0x07,0x7f,0x6f};
   5          
   6          void nixie(unsigned char location,number)
   7          {
   8   1        switch(location)
   9   1        {
  10   2          case 1:P2_4=1;P2_3=1;P2_2=1;break;
  11   2          case 2:P2_4=1;P2_3=1;P2_2=0;break;
  12   2          case 3:P2_4=1;P2_3=0;P2_2=1;break;
  13   2          case 4:P2_4=1;P2_3=0;P2_2=0;break;
  14   2          case 5:P2_4=0;P2_3=1;P2_2=1;break;
  15   2          case 6:P2_4=0;P2_3=1;P2_2=0;break;
  16   2          case 7:P2_4=0;P2_3=0;P2_2=1;break;
  17   2          case 8:P2_4=0;P2_3=0;P2_2=0;break;
  18   2        }
  19   1        P0=nixietable[number];
  20   1        delay(1);
  21   1        P0=0X00;
  22   1      }
  23          


MODULE INFORMATION:   STATIC OVERLAYABLE
   CODE SIZE        =    109    ----
   CONSTANT SIZE    =   ----    ----
   XDATA SIZE       =   ----    ----
   PDATA SIZE       =   ----    ----
   DATA SIZE        =     10    ----
   IDATA SIZE       =   ----    ----
   BIT SIZE         =   ----    ----
END OF MODULE INFORMATION.


C51 COMPILATION COMPLETE.  0 WARNING(S),  0 ERROR(S)
